生成启动时间为 2015/12/3 0:07:15。
     1>项目“G:\我的大学\人机交互基础教程\T9Keyboard\T9Keyboard\T9Keyboard.vcxproj”在节点 2 上(build 个目标)。
     1>InitializeBuildStatus:
         正在创建“Debug\T9Keyboard.unsuccessfulbuild”，因为已指定“AlwaysCreate”。
       ClCompile:
         E:\Microsoft Visual Studio 10.0\VC\bin\CL.exe /c /ZI /nologo /W3 /WX- /Od /Oy- /D WIN32 /D _DEBUG /D _CONSOLE /D _UNICODE /D UNICODE /Gm /EHsc /RTC1 /MDd /GS /fp:precise /Zc:wchar_t /Zc:forScope /Fo"Debug\\" /Fd"Debug\vc100.pdb" /Gd /TP /analyze- /errorReport:prompt T9Keyboard.cpp
         T9Keyboard.cpp
       ManifestResourceCompile:
         所有输出均为最新。
       Link:
         E:\Microsoft Visual Studio 10.0\VC\bin\link.exe /ERRORREPORT:PROMPT /OUT:"G:\我的大学\人机交互基础教程\T9Keyboard\Debug\T9Keyboard.exe" /INCREMENTAL /NOLOGO /LIBPATH:"E:\SDL2-2.0.3\lib\x86" /LIBPATH:"E:\SDL2_image-2.0.0\lib\x86" /LIBPATH:"E:\SDL2_ttf-2.0.12\lib\x86" SDL2.lib SDL2main.lib SDL2test.lib SDL2_image.lib SDL2_ttf.lib kernel32.lib user32.lib gdi32.lib winspool.lib comdlg32.lib advapi32.lib shell32.lib ole32.lib oleaut32.lib uuid.lib odbc32.lib odbccp32.lib /MANIFEST /ManifestFile:"Debug\T9Keyboard.exe.intermediate.manifest" /MANIFESTUAC:"level='asInvoker' uiAccess='false'" /DEBUG /PDB:"G:\我的大学\人机交互基础教程\T9Keyboard\Debug\T9Keyboard.pdb" /SUBSYSTEM:CONSOLE /TLBID:1 /DYNAMICBASE /NXCOMPAT /IMPLIB:"G:\我的大学\人机交互基础教程\T9Keyboard\Debug\T9Keyboard.lib" /MACHINE:X86 Debug\T9Keyboard.exe.embed.manifest.res
         Debug\T9Keyboard.obj
       Manifest:
         C:\Program Files (x86)\Microsoft SDKs\Windows\v7.0A\bin\mt.exe /nologo /verbose /out:"Debug\T9Keyboard.exe.embed.manifest" /manifest Debug\T9Keyboard.exe.intermediate.manifest
         所有输出均为最新。
       LinkEmbedManifest:
         所有输出均为最新。
         T9Keyboard.vcxproj -> G:\我的大学\人机交互基础教程\T9Keyboard\Debug\T9Keyboard.exe
       FinalizeBuildStatus:
         正在删除文件“Debug\T9Keyboard.unsuccessfulbuild”。
         正在对“Debug\T9Keyboard.lastbuildstate”执行 Touch 任务。
     1>已完成生成项目“G:\我的大学\人机交互基础教程\T9Keyboard\T9Keyboard\T9Keyboard.vcxproj”(build 个目标)的操作。

生成成功。

已用时间 00:00:00.95
