生成启动时间为 2015/11/5 9:12:19。
     1>项目“G:\我的大学\人机交互基础教程\Watch5083\Watch5083\Watch5083.vcxproj”在节点 2 上(build 个目标)。
     1>InitializeBuildStatus:
         正在创建“Debug\Watch5083.unsuccessfulbuild”，因为已指定“AlwaysCreate”。
       ClCompile:
         E:\Microsoft Visual Studio 10.0\VC\bin\CL.exe /c /Zi /nologo /W3 /WX- /Od /Oy- /D WIN32 /D _DEBUG /D _CONSOLE /D _UNICODE /D UNICODE /Gm /EHsc /RTC1 /MDd /GS /fp:precise /Zc:wchar_t /Zc:forScope /Fo"Debug\\" /Fd"Debug\vc100.pdb" /Gd /TP /analyze- /errorReport:prompt demo.cpp
         demo.cpp
     1>demo.cpp(123): warning C4996: 'itoa': The POSIX name for this item is deprecated. Instead, use the ISO C++ conformant name: _itoa. See online help for details.
                 E:\Microsoft Visual Studio 10.0\VC\include\stdlib.h(867) : 参见“itoa”的声明
     1>demo.cpp(150): warning C4996: 'localtime': This function or variable may be unsafe. Consider using localtime_s instead. To disable deprecation, use _CRT_SECURE_NO_WARNINGS. See online help for details.
                 E:\Microsoft Visual Studio 10.0\VC\include\time.inl(112) : 参见“localtime”的声明
     1>g:\我的大学\人机交互基础教程\watch5083\watch5083\demo.cpp(218): warning C4715: “SDL_main”: 不是所有的控件路径都返回值
       ManifestResourceCompile:
         所有输出均为最新。
       Link:
         E:\Microsoft Visual Studio 10.0\VC\bin\link.exe /ERRORREPORT:PROMPT /OUT:"G:\我的大学\人机交互基础教程\Watch5083\Debug\Watch5083.exe" /INCREMENTAL /NOLOGO /LIBPATH:"E:\SDL2-2.0.3\lib\x86" /LIBPATH:"E:\SDL2_image-2.0.0\lib\x86" /LIBPATH:"E:\SDL2_ttf-2.0.12\lib\x86" SDL2.lib SDL2main.lib SDL2test.lib SDL2_image.lib SDL2_ttf.lib kernel32.lib user32.lib gdi32.lib winspool.lib comdlg32.lib advapi32.lib shell32.lib ole32.lib oleaut32.lib uuid.lib odbc32.lib odbccp32.lib /MANIFEST /ManifestFile:"Debug\Watch5083.exe.intermediate.manifest" /MANIFESTUAC:"level='asInvoker' uiAccess='false'" /DEBUG /PDB:"G:\我的大学\人机交互基础教程\Watch5083\Debug\Watch5083.pdb" /SUBSYSTEM:CONSOLE /TLBID:1 /DYNAMICBASE /NXCOMPAT /IMPLIB:"G:\我的大学\人机交互基础教程\Watch5083\Debug\Watch5083.lib" /MACHINE:X86 Debug\Watch5083.exe.embed.manifest.res
         Debug\demo.obj
       Manifest:
         C:\Program Files (x86)\Microsoft SDKs\Windows\v7.0A\bin\mt.exe /nologo /verbose /out:"Debug\Watch5083.exe.embed.manifest" /manifest Debug\Watch5083.exe.intermediate.manifest
         所有输出均为最新。
       LinkEmbedManifest:
         所有输出均为最新。
         Watch5083.vcxproj -> G:\我的大学\人机交互基础教程\Watch5083\Debug\Watch5083.exe
       FinalizeBuildStatus:
         正在删除文件“Debug\Watch5083.unsuccessfulbuild”。
         正在对“Debug\Watch5083.lastbuildstate”执行 Touch 任务。
     1>已完成生成项目“G:\我的大学\人机交互基础教程\Watch5083\Watch5083\Watch5083.vcxproj”(build 个目标)的操作。

生成成功。

已用时间 00:00:01.01
