G:\我的大学\人机交互基础教程\WATCH5083\DEBUG\WATCH5083.EXE
G:\我的大学\人机交互基础教程\WATCH5083\DEBUG\WATCH5083.ILK
G:\我的大学\人机交互基础教程\WATCH5083\DEBUG\WATCH5083.PDB
G:\我的大学\人机交互基础教程\Watch5083\Watch5083\Debug\cl.command.1.tlog
G:\我的大学\人机交互基础教程\Watch5083\Watch5083\Debug\CL.read.1.tlog
G:\我的大学\人机交互基础教程\Watch5083\Watch5083\Debug\CL.write.1.tlog
G:\我的大学\人机交互基础教程\Watch5083\Watch5083\Debug\link.13636.read.1.tlog
G:\我的大学\人机交互基础教程\Watch5083\Watch5083\Debug\link.13636.write.1.tlog
G:\我的大学\人机交互基础教程\Watch5083\Watch5083\Debug\link.13636-cvtres.read.1.tlog
G:\我的大学\人机交互基础教程\Watch5083\Watch5083\Debug\link.13636-cvtres.write.1.tlog
G:\我的大学\人机交互基础教程\Watch5083\Watch5083\Debug\link.19436.read.1.tlog
G:\我的大学\人机交互基础教程\Watch5083\Watch5083\Debug\link.19436.write.1.tlog
G:\我的大学\人机交互基础教程\Watch5083\Watch5083\Debug\link.19436-cvtres.read.1.tlog
G:\我的大学\人机交互基础教程\Watch5083\Watch5083\Debug\link.19436-cvtres.write.1.tlog
G:\我的大学\人机交互基础教程\Watch5083\Watch5083\Debug\link.command.1.tlog
G:\我的大学\人机交互基础教程\Watch5083\Watch5083\Debug\link.read.1.tlog
G:\我的大学\人机交互基础教程\Watch5083\Watch5083\Debug\link.write.1.tlog
G:\我的大学\人机交互基础教程\Watch5083\Watch5083\Debug\link-cvtres.read.1.tlog
G:\我的大学\人机交互基础教程\Watch5083\Watch5083\Debug\link-cvtres.write.1.tlog
G:\我的大学\人机交互基础教程\Watch5083\Watch5083\Debug\mt.command.1.tlog
G:\我的大学\人机交互基础教程\Watch5083\Watch5083\Debug\mt.read.1.tlog
G:\我的大学\人机交互基础教程\Watch5083\Watch5083\Debug\mt.write.1.tlog
G:\我的大学\人机交互基础教程\Watch5083\Watch5083\Debug\rc.command.1.tlog
G:\我的大学\人机交互基础教程\Watch5083\Watch5083\Debug\rc.read.1.tlog
G:\我的大学\人机交互基础教程\Watch5083\Watch5083\Debug\rc.write.1.tlog
G:\我的大学\人机交互基础教程\Watch5083\Watch5083\Debug\vc100.idb
G:\我的大学\人机交互基础教程\WATCH5083\WATCH5083\DEBUG\VC100.PDB
G:\我的大学\人机交互基础教程\WATCH5083\WATCH5083\DEBUG\WATCH.OBJ
G:\我的大学\人机交互基础教程\WATCH5083\WATCH5083\DEBUG\WATCH5083.EXE.EMBED.MANIFEST
G:\我的大学\人机交互基础教程\WATCH5083\WATCH5083\DEBUG\WATCH5083.EXE.EMBED.MANIFEST.RES
G:\我的大学\人机交互基础教程\WATCH5083\WATCH5083\DEBUG\WATCH5083.EXE.INTERMEDIATE.MANIFEST
G:\我的大学\人机交互基础教程\Watch5083\Watch5083\Debug\Watch5083.vcxprojResolveAssemblyReference.cache
G:\我的大学\人机交互基础教程\Watch5083\Watch5083\Debug\Watch5083.write.1.tlog
G:\我的大学\人机交互基础教程\Watch5083\Watch5083\Debug\Watch5083_manifest.rc
